<?xml version="1.0" encoding="UTF-8"?>
<!-- Generated by org.testng.reporters.JUnitReportReporter -->
<testsuite hostname="DESKTOP-7NE5BPP" failures="0" tests="1" name="com.gmail.Hello1.AppTest" time="0.014" errors="0" timestamp="2024-06-19T17:28:42 EDT" skipped="0">
  <testcase classname="com.gmail.Hello1.AppTest" name="testApp" time="0.014"/>
  <system-out/>
</testsuite> <!-- com.gmail.Hello1.AppTest -->
